<?xml version="1.0" encoding="UTF-8"?>
<coverage generated="1638997142674" clover="3.2.0">
  <project timestamp="1638997142674" name="All files">
    <metrics statements="21" coveredstatements="11" conditionals="6" coveredconditionals="2" methods="12" coveredmethods="6" elements="39" coveredelements="19" complexity="0" loc="21" ncloc="21" packages="1" files="1" classes="1"/>
    <file name="TaskHelper.js" path="E:\Microverse Projects\Module2\Week3\ToDo-List\src\TaskHelper.js">
      <metrics statements="21" coveredstatements="11" conditionals="6" coveredconditionals="2" methods="12" coveredmethods="6"/>
      <line num="2" count="2" type="stmt"/>
      <line num="5" count="5" type="stmt"/>
      <line num="6" count="5" type="stmt"/>
      <line num="7" count="5" type="stmt"/>
      <line num="11" count="6" type="cond" truecount="2" falsecount="0"/>
      <line num="12" count="5" type="stmt"/>
      <line num="17" count="2" type="stmt"/>
      <line num="18" count="1" type="stmt"/>
      <line num="23" count="2" type="stmt"/>
      <line num="24" count="3" type="stmt"/>
      <line num="26" count="2" type="stmt"/>
      <line num="30" count="0" type="stmt"/>
      <line num="31" count="0" type="cond" truecount="0" falsecount="2"/>
      <line num="32" count="0" type="stmt"/>
      <line num="38" count="0" type="stmt"/>
      <line num="39" count="0" type="stmt"/>
      <line num="41" count="0" type="stmt"/>
      <line num="45" count="0" type="stmt"/>
      <line num="46" count="0" type="cond" truecount="0" falsecount="2"/>
      <line num="47" count="0" type="stmt"/>
      <line num="49" count="0" type="stmt"/>
    </file>
  </project>
</coverage>
