<?xml version="1.0" encoding="UTF-8"?>
<coverage generated="1639077511914" clover="3.2.0">
  <project timestamp="1639077511914" name="All files">
    <metrics statements="21" coveredstatements="14" conditionals="6" coveredconditionals="3" methods="12" coveredmethods="8" elements="39" coveredelements="25" complexity="0" loc="21" ncloc="21" packages="1" files="1" classes="1"/>
    <file name="TaskHelper.js" path="/Users/richard/Projects/Microverse/Module2/ToDo-List/src/TaskHelper.js">
      <metrics statements="21" coveredstatements="14" conditionals="6" coveredconditionals="3" methods="12" coveredmethods="8"/>
      <line num="2" count="2" type="stmt"/>
      <line num="5" count="6" type="stmt"/>
      <line num="6" count="6" type="stmt"/>
      <line num="7" count="6" type="stmt"/>
      <line num="11" count="7" type="cond" truecount="2" falsecount="0"/>
      <line num="12" count="6" type="stmt"/>
      <line num="17" count="2" type="stmt"/>
      <line num="18" count="1" type="stmt"/>
      <line num="23" count="2" type="stmt"/>
      <line num="24" count="3" type="stmt"/>
      <line num="26" count="2" type="stmt"/>
      <line num="30" count="1" type="stmt"/>
      <line num="31" count="1" type="cond" truecount="1" falsecount="1"/>
      <line num="32" count="1" type="stmt"/>
      <line num="38" count="0" type="stmt"/>
      <line num="39" count="0" type="stmt"/>
      <line num="41" count="0" type="stmt"/>
      <line num="45" count="0" type="stmt"/>
      <line num="46" count="0" type="cond" truecount="0" falsecount="2"/>
      <line num="47" count="0" type="stmt"/>
      <line num="49" count="0" type="stmt"/>
    </file>
  </project>
</coverage>
