TN:
SF:src/TaskHelper.js
FN:4,(anonymous_0)
FN:10,(anonymous_1)
FN:16,(anonymous_2)
FN:17,(anonymous_3)
FN:22,(anonymous_4)
FN:24,(anonymous_5)
FN:29,(anonymous_6)
FN:30,(anonymous_7)
FN:37,(anonymous_8)
FN:39,(anonymous_9)
FN:44,(anonymous_10)
FN:45,(anonymous_11)
FNF:12
FNH:8
FNDA:6,(anonymous_0)
FNDA:7,(anonymous_1)
FNDA:2,(anonymous_2)
FNDA:1,(anonymous_3)
FNDA:2,(anonymous_4)
FNDA:3,(anonymous_5)
FNDA:1,(anonymous_6)
FNDA:1,(anonymous_7)
FNDA:0,(anonymous_8)
FNDA:0,(anonymous_9)
FNDA:0,(anonymous_10)
FNDA:0,(anonymous_11)
DA:2,2
DA:5,6
DA:6,6
DA:7,6
DA:11,7
DA:12,6
DA:17,2
DA:18,1
DA:23,2
DA:24,3
DA:26,2
DA:30,1
DA:31,1
DA:32,1
DA:38,0
DA:39,0
DA:41,0
DA:45,0
DA:46,0
DA:47,0
DA:49,0
LF:21
LH:14
BRDA:11,0,0,6
BRDA:11,0,1,1
BRDA:31,1,0,1
BRDA:31,1,1,0
BRDA:46,2,0,0
BRDA:46,2,1,0
BRF:6
BRH:3
end_of_record
